SF:lib\models\cart_item.dart
DA:10,5
DA:20,12
DA:23,1
DA:24,1
DA:25,1
DA:26,1
DA:27,2
DA:28,1
DA:29,1
DA:30,1
DA:35,2
DA:36,2
DA:37,2
DA:38,2
DA:39,2
DA:40,2
DA:41,2
DA:42,2
DA:47,1
DA:55,1
DA:56,1
DA:57,1
DA:58,1
DA:59,1
DA:60,1
DA:61,1
DA:65,1
DA:67,5
DA:70,3
DA:74,2
DA:75,6
DA:76,3
DA:77,3
DA:78,3
DA:79,3
DA:82,1
DA:84,3
DA:85,3
DA:86,3
DA:87,3
DA:88,2
LF:41
LH:41
end_of_record
SF:lib\models\layout.dart
DA:8,0
DA:10,11
DA:11,11
DA:40,11
DA:43,11
DA:44,11
DA:45,11
DA:46,11
DA:47,11
DA:48,11
DA:49,22
DA:50,22
DA:51,11
DA:54,0
DA:55,0
DA:56,0
DA:58,0
DA:59,0
DA:63,0
DA:64,0
DA:65,0
DA:67,0
DA:68,0
DA:72,0
DA:73,0
DA:74,0
DA:77,0
DA:78,0
DA:79,0
DA:81,0
DA:82,0
DA:83,0
DA:85,0
DA:86,0
DA:89,0
DA:93,0
DA:96,0
DA:99,0
DA:100,0
DA:101,0
DA:102,0
DA:103,0
DA:121,0
DA:129,0
DA:130,0
DA:131,0
DA:132,0
DA:133,0
DA:140,0
DA:141,0
DA:142,0
DA:143,0
DA:150,0
DA:151,0
DA:152,0
DA:153,0
DA:160,0
DA:161,0
DA:162,0
DA:163,0
DA:170,0
DA:171,0
DA:172,0
DA:173,0
DA:180,0
DA:181,0
DA:182,0
DA:183,0
DA:190,0
DA:191,0
DA:192,0
DA:193,0
DA:204,0
DA:212,0
DA:213,0
DA:214,0
DA:215,0
DA:216,0
DA:223,0
DA:224,0
DA:225,0
DA:226,0
DA:236,0
DA:237,0
DA:238,0
DA:239,0
DA:257,0
DA:258,0
DA:259,0
DA:260,0
DA:285,0
DA:288,0
DA:290,0
DA:291,0
DA:292,0
DA:293,0
DA:294,0
DA:295,0
DA:296,0
DA:297,0
DA:300,0
DA:302,0
DA:303,0
DA:305,0
DA:306,0
DA:307,0
DA:309,0
DA:310,0
DA:313,0
DA:315,0
DA:316,0
DA:319,0
DA:322,0
DA:325,0
DA:326,0
DA:327,0
DA:328,0
DA:329,0
DA:330,0
DA:332,0
DA:337,0
DA:338,0
DA:346,0
DA:356,0
DA:359,0
DA:361,0
DA:362,0
DA:363,0
DA:366,0
DA:368,0
DA:369,0
DA:371,0
DA:372,0
DA:373,0
DA:375,0
DA:376,0
DA:379,0
DA:381,0
DA:382,0
DA:385,0
DA:388,0
DA:391,0
DA:392,0
DA:393,0
DA:394,0
DA:395,0
DA:397,0
DA:402,0
DA:403,0
DA:411,0
DA:421,0
DA:424,0
DA:425,0
DA:428,0
DA:429,0
DA:431,0
DA:432,0
DA:433,0
DA:434,0
DA:436,0
DA:439,0
DA:440,0
DA:441,0
DA:442,0
DA:444,0
DA:445,0
DA:452,0
DA:453,0
DA:454,0
DA:456,0
DA:457,0
DA:459,0
DA:460,0
DA:461,0
DA:466,11
DA:467,11
DA:468,33
DA:472,0
DA:473,0
DA:475,0
DA:477,0
DA:481,0
DA:482,0
DA:484,0
DA:486,0
DA:490,11
DA:491,11
DA:492,12
DA:495,11
DA:496,22
DA:500,11
DA:507,11
DA:508,0
DA:509,0
DA:511,11
DA:514,11
DA:516,11
DA:518,11
DA:519,11
DA:533,11
DA:534,11
DA:535,0
DA:536,0
DA:538,11
DA:540,0
DA:541,11
DA:543,11
DA:545,11
DA:546,11
DA:548,11
DA:549,11
DA:551,11
DA:552,11
DA:558,11
DA:561,11
DA:571,11
DA:572,11
DA:573,0
DA:574,0
DA:576,11
DA:578,0
DA:579,11
DA:581,11
DA:583,11
DA:584,11
DA:586,11
DA:587,11
DA:589,11
DA:590,11
DA:596,11
DA:599,11
DA:608,11
DA:610,44
DA:611,33
DA:612,11
DA:614,11
DA:617,11
DA:618,11
DA:620,11
DA:622,11
DA:624,11
DA:627,11
DA:634,11
DA:635,11
DA:636,11
DA:637,11
DA:639,11
DA:641,11
DA:643,11
DA:644,0
DA:645,11
DA:649,0
DA:650,0
DA:651,0
DA:665,11
DA:667,11
DA:669,11
DA:670,11
DA:672,11
DA:673,0
DA:674,0
DA:675,11
DA:678,11
DA:679,11
DA:680,11
DA:683,11
DA:684,11
DA:685,11
DA:687,11
DA:689,11
DA:690,0
DA:691,0
DA:692,11
DA:694,11
DA:696,11
DA:697,0
DA:698,0
DA:699,11
DA:705,11
DA:707,11
DA:709,11
DA:711,11
DA:713,11
DA:714,0
DA:717,0
DA:718,0
DA:719,0
DA:720,0
DA:721,0
DA:724,0
DA:725,0
DA:729,0
DA:730,0
DA:734,0
DA:735,0
DA:745,0
DA:748,0
DA:749,0
DA:750,0
DA:751,0
DA:761,11
DA:762,11
DA:764,11
DA:765,11
DA:768,11
DA:771,11
DA:772,11
DA:773,11
DA:774,11
DA:775,11
DA:781,11
DA:783,0
DA:784,0
DA:785,0
DA:786,0
DA:787,0
DA:788,0
DA:789,0
DA:792,0
DA:793,0
DA:794,0
DA:795,0
DA:797,0
DA:798,0
DA:827,0
DA:845,11
DA:846,11
DA:847,11
DA:848,11
DA:850,11
DA:851,11
DA:852,11
DA:855,11
DA:856,11
DA:859,0
DA:860,0
DA:862,11
DA:863,2
DA:866,2
DA:876,2
DA:877,4
DA:893,3
DA:894,3
DA:896,3
DA:897,3
DA:900,0
DA:911,11
DA:912,0
DA:915,0
DA:917,0
DA:918,0
DA:921,0
DA:922,0
DA:923,0
DA:924,0
DA:925,0
DA:928,0
DA:929,0
DA:932,0
DA:933,0
DA:936,0
DA:937,0
DA:948,0
DA:950,0
DA:951,0
DA:952,0
DA:953,0
DA:968,0
DA:972,0
DA:974,11
DA:976,44
DA:991,11
DA:993,11
DA:996,11
DA:997,11
DA:1023,11
DA:1025,11
DA:1026,0
DA:1027,11
DA:1052,11
DA:1054,11
DA:1059,11
DA:1061,11
DA:1095,11
DA:1098,3
DA:1100,3
LF:386
LH:141
end_of_record
SF:lib\repositories\cart_repository.dart
DA:11,6
DA:14,45
DA:17,2
DA:18,10
DA:21,6
DA:24,3
DA:28,3
DA:37,6
DA:38,3
DA:39,6
DA:40,2
DA:43,3
DA:45,4
DA:48,9
DA:58,3
DA:62,1
DA:63,5
DA:64,1
DA:68,2
DA:69,4
DA:70,2
DA:75,1
DA:76,1
DA:77,1
DA:81,5
DA:82,1
DA:83,3
DA:84,1
DA:89,2
DA:90,4
DA:91,4
DA:92,2
DA:98,2
DA:99,4
DA:100,4
DA:101,4
DA:102,2
DA:104,4
DA:105,2
DA:111,1
DA:112,2
DA:113,1
DA:117,1
DA:119,5
DA:126,1
DA:127,5
DA:131,1
DA:132,1
DA:133,1
DA:137,1
DA:141,3
DA:143,2
DA:144,3
DA:151,0
DA:157,0
LF:55
LH:53
end_of_record
SF:lib\services\auth_service.dart
DA:9,0
DA:12,0
DA:15,0
DA:18,0
DA:20,1
DA:22,0
DA:23,0
DA:28,0
DA:33,0
DA:37,0
DA:39,0
DA:40,0
DA:42,0
DA:44,0
DA:46,0
DA:49,0
DA:52,0
DA:57,0
DA:62,0
DA:66,0
DA:68,0
DA:69,0
DA:71,0
DA:73,0
DA:76,0
DA:79,0
DA:84,0
DA:86,0
DA:87,0
DA:89,0
LF:30
LH:1
end_of_record
SF:lib\models\order.dart
DA:13,1
DA:23,6
DA:26,0
DA:27,0
DA:28,0
DA:29,0
DA:30,0
DA:31,0
DA:32,0
DA:33,0
DA:34,0
DA:35,0
DA:36,0
DA:41,1
DA:42,1
DA:43,1
DA:44,5
DA:45,1
DA:46,2
DA:47,1
DA:52,1
DA:60,1
DA:61,1
DA:62,1
DA:63,1
DA:64,1
DA:65,1
DA:66,1
LF:28
LH:17
end_of_record
SF:lib\services\order_service.dart
DA:11,0
DA:17,0
DA:19,0
DA:21,0
DA:26,0
DA:27,0
DA:29,0
DA:34,0
DA:35,0
DA:36,0
DA:37,0
DA:38,0
DA:39,0
DA:41,0
DA:42,0
DA:48,0
DA:51,0
DA:52,0
DA:53,0
DA:57,0
DA:62,0
DA:64,0
DA:68,0
DA:73,0
DA:75,0
DA:77,0
LF:26
LH:0
end_of_record
SF:lib\views\home_page.dart
DA:9,1
DA:11,3
DA:13,3
DA:15,3
DA:19,3
DA:21,3
DA:22,3
DA:23,3
DA:24,3
DA:31,3
DA:33,3
DA:35,3
DA:36,3
DA:37,3
DA:48,3
DA:49,3
DA:50,9
DA:51,3
DA:52,3
DA:54,3
DA:56,3
DA:58,3
DA:61,3
DA:63,3
DA:65,3
DA:67,3
DA:69,3
DA:71,3
DA:79,6
DA:82,9
DA:84,6
DA:88,0
DA:90,0
DA:91,0
DA:92,0
DA:93,0
DA:94,0
DA:95,0
DA:97,0
DA:98,0
DA:99,0
DA:100,0
DA:103,0
DA:109,0
DA:110,0
DA:111,0
DA:112,0
DA:113,0
DA:114,0
DA:122,3
DA:124,3
DA:125,3
DA:126,6
DA:134,6
DA:135,3
DA:144,0
DA:145,0
DA:146,0
DA:147,0
DA:149,0
DA:151,0
DA:152,0
DA:153,0
DA:154,0
DA:156,0
DA:163,0
DA:164,0
DA:172,0
DA:173,0
DA:174,0
DA:175,0
DA:176,0
DA:177,0
DA:179,0
DA:180,0
DA:181,0
DA:182,0
DA:183,0
DA:184,0
DA:190,0
DA:191,0
DA:192,0
DA:193,0
DA:194,0
DA:203,0
DA:204,0
DA:205,0
DA:206,0
DA:207,0
DA:208,0
DA:209,0
DA:210,0
DA:211,0
DA:212,0
DA:213,0
DA:216,0
DA:217,0
DA:218,0
DA:219,0
DA:221,0
DA:225,0
DA:228,0
DA:229,0
DA:231,0
DA:232,0
DA:236,0
DA:240,0
DA:241,0
DA:242,0
DA:247,0
DA:248,0
DA:250,0
DA:257,0
DA:259,0
DA:261,0
DA:263,0
DA:265,0
DA:266,0
DA:291,0
DA:292,0
DA:303,3
DA:304,3
DA:307,3
DA:309,3
DA:311,0
DA:312,0
DA:313,3
DA:347,3
DA:348,3
DA:349,3
DA:350,3
DA:352,6
DA:364,6
DA:366,6
DA:368,3
DA:371,3
DA:372,3
DA:382,3
DA:391,3
DA:401,3
DA:417,3
DA:418,3
DA:419,3
DA:420,3
DA:424,6
DA:426,6
DA:429,3
DA:430,3
DA:431,3
DA:432,3
DA:434,3
DA:436,3
DA:439,3
DA:440,3
DA:441,3
DA:443,3
DA:446,3
DA:466,3
DA:468,3
DA:471,0
DA:474,3
DA:503,3
DA:504,3
DA:505,3
DA:506,0
DA:507,3
DA:508,3
DA:510,3
DA:512,3
DA:515,3
DA:519,0
DA:520,0
DA:521,0
DA:561,1
DA:563,3
DA:564,3
DA:575,3
DA:577,3
DA:578,6
DA:579,6
DA:580,0
DA:581,0
DA:582,0
DA:583,0
DA:590,8
DA:591,6
DA:592,7
DA:596,3
DA:598,6
DA:599,6
DA:600,3
DA:603,3
DA:604,3
DA:606,3
DA:608,3
DA:611,0
DA:612,0
DA:619,6
DA:621,3
DA:622,3
DA:631,3
DA:633,3
DA:636,3
DA:637,3
DA:638,3
DA:640,3
DA:641,3
DA:643,3
DA:645,3
DA:648,3
DA:669,3
DA:671,0
DA:672,3
DA:688,3
DA:690,3
DA:693,3
DA:715,3
DA:717,0
DA:718,0
DA:719,3
DA:737,3
DA:741,3
DA:743,3
DA:744,3
DA:747,0
DA:748,0
DA:749,0
DA:757,3
DA:758,6
DA:759,6
DA:760,3
DA:761,0
DA:762,0
DA:768,3
DA:773,3
DA:778,3
DA:791,3
DA:794,1
DA:795,3
DA:796,2
DA:804,3
DA:806,5
DA:807,3
DA:810,3
DA:811,3
DA:812,3
DA:814,3
DA:815,3
DA:834,3
DA:836,3
DA:838,3
DA:839,3
DA:840,3
DA:841,3
DA:842,3
DA:843,3
DA:846,6
DA:859,0
DA:868,1
DA:869,1
DA:876,0
DA:877,0
DA:878,0
DA:882,0
DA:884,0
DA:885,0
DA:886,0
DA:887,0
DA:888,0
DA:889,0
DA:893,0
DA:894,0
DA:896,0
DA:897,0
DA:898,0
DA:901,0
DA:914,1
DA:916,3
DA:917,1
DA:918,2
DA:919,1
DA:921,1
DA:922,0
DA:923,0
DA:928,1
DA:931,2
DA:932,1
DA:939,1
DA:941,1
DA:943,1
DA:944,3
DA:946,1
DA:947,1
DA:950,1
DA:952,1
DA:953,1
DA:954,1
DA:957,1
DA:959,2
DA:962,1
DA:963,4
DA:964,0
DA:966,1
DA:967,0
DA:968,0
DA:969,0
DA:970,0
DA:971,0
DA:972,0
DA:973,0
DA:974,0
DA:975,0
DA:976,0
DA:977,0
DA:981,1
DA:983,1
DA:984,3
DA:986,1
DA:987,2
DA:989,1
DA:994,1
DA:998,2
DA:999,0
DA:1000,0
DA:1001,0
DA:1002,0
DA:1003,0
DA:1012,0
DA:1013,0
DA:1023,1
DA:1024,2
DA:1042,1
DA:1049,3
DA:1050,3
DA:1056,3
DA:1058,3
DA:1059,3
DA:1064,9
DA:1067,9
DA:1068,3
DA:1069,6
DA:1070,0
DA:1074,6
DA:1076,3
DA:1077,0
DA:1078,0
DA:1080,3
DA:1081,0
DA:1082,3
DA:1084,3
DA:1086,3
DA:1087,3
DA:1088,3
DA:1089,3
DA:1092,0
DA:1093,0
DA:1101,3
DA:1102,3
DA:1104,6
DA:1107,3
DA:1108,3
DA:1109,3
DA:1111,3
DA:1116,3
DA:1120,3
DA:1122,3
DA:1123,9
LF:367
LH:219
end_of_record
SF:lib\views\about_us.dart
DA:5,1
DA:7,1
DA:9,1
DA:10,1
DA:11,1
DA:12,1
DA:14,1
DA:17,1
DA:18,1
LF:9
LH:9
end_of_record
SF:lib\views\about_us_printshack.dart
DA:5,1
DA:7,1
DA:9,1
DA:10,1
DA:11,1
DA:12,1
DA:14,1
DA:17,1
DA:18,1
DA:20,1
DA:22,1
DA:34,1
DA:35,1
DA:36,1
DA:37,1
LF:15
LH:15
end_of_record
SF:lib\views\order_history_page.dart
DA:11,1
DA:13,0
DA:15,0
DA:16,0
DA:18,0
DA:19,0
DA:20,0
DA:21,0
DA:23,0
DA:24,0
DA:25,0
DA:27,0
DA:36,0
DA:37,0
DA:38,0
DA:53,0
DA:54,0
DA:55,0
DA:57,0
DA:58,0
DA:59,0
DA:60,0
DA:61,0
DA:65,0
DA:66,0
DA:67,0
DA:71,0
DA:73,0
DA:74,0
DA:77,0
DA:86,0
DA:87,0
DA:88,0
DA:90,0
DA:91,0
DA:93,0
DA:95,0
DA:98,0
DA:102,0
DA:104,0
DA:107,0
DA:108,0
DA:109,0
DA:120,0
DA:121,0
DA:123,0
DA:124,0
DA:125,0
DA:126,0
DA:128,0
DA:129,0
DA:131,0
DA:137,0
DA:138,0
DA:139,0
DA:142,0
DA:143,0
DA:144,0
DA:151,0
DA:152,0
DA:154,0
DA:157,0
DA:158,0
DA:160,0
DA:162,0
DA:164,0
DA:166,0
DA:167,0
DA:168,0
DA:170,0
DA:171,0
DA:172,0
DA:179,0
DA:180,0
DA:181,0
DA:186,0
DA:193,0
DA:195,0
DA:197,0
DA:198,0
DA:199,0
DA:200,0
DA:204,0
DA:205,0
DA:214,0
DA:215,0
DA:216,0
DA:218,0
DA:220,0
DA:225,0
DA:226,0
DA:240,0
DA:244,0
DA:245,0
DA:249,0
DA:253,0
DA:264,0
DA:266,0
DA:267,0
DA:268,0
DA:270,0
DA:272,0
LF:102
LH:1
end_of_record
SF:lib\views\collections_page.dart
DA:9,1
DA:11,1
DA:12,1
DA:21,3
DA:22,1
DA:27,1
DA:32,1
DA:37,1
DA:42,1
DA:47,1
DA:52,1
DA:57,1
DA:65,0
DA:67,0
DA:69,0
DA:70,0
DA:71,0
DA:72,0
DA:73,0
DA:74,0
DA:75,0
DA:76,0
DA:77,0
DA:78,0
DA:84,0
DA:86,0
DA:88,0
DA:89,0
DA:90,0
DA:91,0
DA:92,0
DA:94,0
DA:95,0
DA:96,0
DA:97,0
DA:98,0
DA:100,0
DA:101,0
DA:102,0
DA:103,0
DA:104,0
DA:106,0
DA:107,0
DA:108,0
DA:109,0
DA:110,0
DA:118,0
DA:120,0
DA:122,0
DA:123,0
DA:125,0
DA:126,0
DA:127,0
DA:131,0
DA:132,0
DA:133,0
DA:134,0
DA:138,0
DA:140,0
DA:142,0
DA:144,0
DA:145,0
DA:146,0
DA:153,0
DA:154,0
DA:156,0
DA:157,0
DA:158,0
DA:165,0
DA:166,0
DA:169,0
DA:170,0
DA:171,0
DA:173,0
DA:174,0
DA:195,0
DA:197,0
DA:208,0
DA:209,0
DA:210,0
DA:217,0
DA:218,0
DA:221,0
DA:222,0
DA:223,0
DA:225,0
DA:226,0
DA:257,0
DA:259,0
DA:275,0
DA:277,0
DA:279,0
DA:281,0
DA:282,0
DA:289,0
DA:291,0
DA:292,0
DA:293,0
DA:295,0
DA:296,0
DA:312,0
DA:314,0
DA:323,0
DA:324,0
DA:330,0
DA:331,0
DA:338,0
DA:340,0
DA:341,0
DA:342,0
DA:344,0
DA:345,0
DA:369,0
DA:371,0
DA:386,1
DA:390,2
DA:391,0
DA:392,0
DA:394,1
DA:399,1
DA:400,3
DA:402,1
DA:403,1
DA:404,1
DA:405,1
DA:407,1
DA:409,1
DA:411,1
DA:422,1
DA:423,1
DA:425,1
DA:433,2
DA:434,1
DA:435,0
DA:436,0
DA:438,1
DA:439,1
DA:440,1
DA:443,1
DA:458,0
DA:460,0
DA:462,0
DA:463,0
DA:470,0
DA:472,0
DA:474,0
DA:475,0
DA:476,0
DA:477,0
DA:479,0
DA:481,0
DA:483,0
DA:485,0
DA:486,0
DA:487,0
DA:489,0
DA:492,0
DA:504,0
DA:505,0
DA:506,0
DA:507,0
DA:508,0
DA:509,0
DA:510,0
DA:511,0
DA:512,0
DA:513,0
DA:514,0
DA:515,0
DA:516,0
DA:526,0
DA:536,0
DA:537,0
DA:538,0
DA:541,0
DA:542,0
DA:543,0
DA:547,0
DA:549,0
DA:550,0
DA:554,0
DA:556,0
DA:557,0
DA:561,0
DA:563,0
DA:564,0
DA:568,0
DA:570,0
DA:571,0
DA:576,0
DA:577,0
DA:578,0
DA:582,0
DA:584,0
DA:585,0
DA:586,0
DA:588,0
DA:589,0
DA:594,0
DA:595,0
DA:597,0
DA:601,0
DA:602,0
DA:604,0
DA:606,0
DA:608,0
DA:610,0
DA:615,0
DA:619,0
DA:625,0
DA:626,0
DA:627,0
DA:628,0
DA:629,0
DA:631,0
DA:632,0
DA:633,0
DA:634,0
DA:638,0
DA:639,0
DA:640,0
DA:641,0
DA:644,0
DA:661,0
DA:688,0
DA:696,0
DA:697,0
DA:703,0
DA:705,0
DA:707,0
DA:708,0
DA:711,0
DA:713,0
DA:714,0
DA:717,0
DA:720,0
DA:721,0
DA:722,0
DA:723,0
DA:724,0
DA:725,0
DA:728,0
DA:729,0
DA:731,0
DA:732,0
DA:733,0
DA:736,0
DA:737,0
DA:738,0
DA:743,0
DA:746,0
DA:747,0
DA:755,0
DA:757,0
DA:758,0
DA:759,0
DA:762,0
DA:763,0
DA:765,0
DA:766,0
DA:767,0
DA:769,0
DA:773,0
DA:775,0
DA:778,0
DA:779,0
DA:780,0
DA:782,0
DA:783,0
DA:784,0
DA:785,0
DA:786,0
DA:787,0
DA:788,0
DA:789,0
DA:790,0
DA:791,0
DA:795,0
DA:797,0
DA:798,0
DA:799,0
DA:801,0
DA:805,0
DA:806,0
DA:809,0
DA:814,0
DA:819,0
DA:820,0
DA:821,0
DA:831,0
DA:842,0
DA:862,1
DA:864,1
DA:865,1
DA:871,1
DA:873,1
DA:874,0
DA:875,0
DA:877,1
DA:879,1
DA:881,1
DA:883,1
DA:884,1
DA:885,2
DA:887,0
DA:888,0
DA:889,0
DA:890,0
DA:892,0
DA:895,0
DA:896,0
DA:898,0
DA:899,0
DA:910,1
DA:911,1
DA:913,2
DA:918,5
DA:919,1
DA:920,1
DA:921,1
DA:930,1
DA:932,1
DA:933,3
LF:323
LH:54
end_of_record
SF:lib\views\personalise_page.dart
DA:7,1
DA:9,1
DA:10,1
DA:34,0
DA:35,0
DA:36,0
DA:37,0
DA:41,0
DA:46,0
DA:53,0
DA:55,0
DA:57,0
DA:58,0
DA:59,0
DA:60,0
DA:61,0
DA:62,0
DA:65,0
DA:68,0
DA:69,0
DA:70,0
DA:71,0
DA:73,0
DA:74,0
DA:75,0
DA:76,0
DA:80,0
DA:86,0
DA:90,0
DA:97,0
DA:98,0
DA:99,0
DA:100,0
DA:108,0
DA:111,0
DA:112,0
DA:113,0
DA:114,0
DA:115,0
DA:116,0
DA:120,0
DA:129,0
DA:133,0
DA:150,0
DA:152,0
DA:154,0
DA:155,0
DA:158,0
DA:160,0
DA:161,0
DA:164,0
DA:166,0
DA:167,0
DA:168,0
DA:169,0
DA:170,0
DA:173,0
DA:175,0
DA:176,0
DA:177,0
DA:178,0
DA:179,0
DA:180,0
DA:181,0
DA:182,0
DA:193,0
DA:207,0
DA:208,0
DA:209,0
DA:210,0
DA:211,0
DA:215,0
DA:216,0
DA:217,0
DA:220,0
DA:222,0
DA:224,0
DA:225,0
DA:226,0
DA:228,0
DA:231,0
DA:232,0
DA:233,0
DA:235,0
DA:236,0
DA:237,0
DA:238,0
DA:240,0
DA:241,0
DA:242,0
DA:243,0
DA:245,0
DA:254,0
DA:258,0
DA:259,0
DA:260,0
DA:283,0
DA:285,0
DA:286,0
DA:296,0
DA:297,0
DA:299,0
DA:300,0
DA:301,0
DA:303,0
DA:304,0
DA:314,0
DA:316,0
DA:317,0
DA:319,0
DA:335,0
DA:337,0
DA:339,0
DA:340,0
DA:346,0
DA:358,0
DA:359,0
DA:382,0
DA:384,0
DA:385,0
DA:409,0
DA:411,0
DA:412,0
DA:434,0
DA:438,0
DA:442,0
DA:443,0
DA:444,0
DA:446,0
DA:449,0
DA:450,0
DA:452,0
DA:453,0
DA:454,0
DA:455,0
DA:456,0
DA:459,0
DA:460,0
DA:461,0
DA:462,0
DA:463,0
DA:465,0
DA:484,0
DA:488,0
DA:495,0
DA:496,0
DA:497,0
DA:498,0
DA:501,0
DA:502,0
DA:503,0
DA:504,0
DA:505,0
DA:518,0
DA:519,0
DA:522,0
DA:523,0
DA:524,0
DA:525,0
DA:526,0
DA:527,0
DA:544,0
DA:547,0
DA:549,0
DA:551,0
DA:552,0
DA:576,0
DA:578,0
DA:579,0
DA:581,0
DA:587,0
DA:595,0
DA:597,0
DA:598,0
LF:174
LH:3
end_of_record
SF:lib\views\cart_page.dart
DA:11,1
DA:13,1
DA:14,1
DA:20,0
DA:21,0
DA:22,0
DA:25,0
DA:26,0
DA:27,0
DA:33,0
DA:39,0
DA:43,0
DA:44,0
DA:48,0
DA:51,0
DA:52,0
DA:53,0
DA:54,0
DA:58,0
DA:60,0
DA:62,0
DA:63,0
DA:64,0
DA:65,0
DA:72,0
DA:75,0
DA:76,0
DA:77,0
DA:78,0
DA:84,0
DA:85,0
DA:86,0
DA:92,1
DA:94,1
DA:95,1
DA:96,1
DA:98,1
DA:99,1
DA:100,1
DA:101,1
DA:102,1
DA:104,1
DA:113,1
DA:114,1
DA:115,1
DA:117,1
DA:118,1
DA:121,1
DA:124,1
DA:126,1
DA:129,1
DA:133,1
DA:134,0
DA:135,1
DA:150,1
DA:151,4
DA:153,1
DA:154,1
DA:155,1
DA:156,1
DA:157,1
DA:158,1
DA:160,1
DA:162,1
DA:164,1
DA:167,1
DA:171,1
DA:172,4
DA:173,1
DA:175,1
DA:182,1
DA:183,1
DA:194,1
DA:195,1
DA:196,1
DA:198,1
DA:199,3
DA:200,1
DA:202,1
DA:207,1
DA:208,1
DA:210,1
DA:212,1
DA:214,1
DA:215,1
DA:216,2
DA:217,1
DA:218,1
DA:223,1
DA:225,1
DA:231,1
DA:233,1
DA:236,1
DA:239,1
DA:240,1
DA:245,1
DA:247,1
DA:249,1
DA:250,1
DA:252,1
DA:254,1
DA:257,1
DA:258,1
DA:260,1
DA:261,1
DA:262,1
DA:269,1
DA:270,3
DA:271,1
DA:273,1
DA:276,1
DA:277,0
DA:279,0
DA:285,1
DA:287,0
DA:295,1
DA:297,1
DA:298,1
DA:299,1
DA:300,3
DA:313,1
DA:315,1
DA:316,1
DA:318,1
DA:321,1
DA:322,1
DA:324,1
DA:325,1
DA:326,1
DA:335,1
DA:336,2
DA:337,1
DA:343,1
DA:344,3
DA:350,1
DA:353,1
DA:354,3
DA:363,1
DA:367,2
DA:373,1
DA:374,1
DA:375,1
DA:376,1
DA:377,1
DA:381,1
DA:382,1
DA:385,1
DA:386,2
DA:393,1
DA:394,1
DA:396,4
DA:397,1
DA:399,1
DA:400,3
DA:401,1
DA:403,1
DA:408,1
DA:412,1
DA:413,1
DA:414,1
DA:415,2
DA:416,1
DA:418,1
DA:420,1
DA:421,1
DA:423,2
DA:427,1
DA:430,1
DA:431,2
DA:439,1
DA:441,2
DA:450,1
DA:452,1
DA:454,1
DA:455,2
DA:456,1
DA:458,1
DA:460,1
DA:469,1
DA:470,3
DA:474,1
DA:476,3
DA:480,1
DA:481,1
DA:482,1
DA:487,1
DA:509,1
DA:510,1
DA:512,1
DA:513,1
DA:514,1
DA:516,1
DA:519,1
DA:525,1
DA:527,1
LF:195
LH:162
end_of_record
SF:lib\views\product_page.dart
DA:14,1
DA:22,2
DA:23,2
DA:28,2
DA:29,2
DA:44,2
DA:45,2
DA:46,2
DA:47,2
DA:48,2
DA:49,2
DA:50,2
DA:53,0
DA:54,0
DA:57,0
DA:61,1
DA:62,1
DA:63,2
DA:65,4
DA:66,2
DA:67,2
DA:70,1
DA:71,1
DA:72,0
DA:73,0
DA:77,1
DA:78,2
DA:82,1
DA:83,1
DA:87,2
DA:89,4
DA:90,2
DA:94,1
DA:101,1
DA:103,3
DA:105,1
DA:106,1
DA:107,1
DA:108,4
DA:109,7
DA:110,7
DA:113,1
DA:116,1
DA:117,1
DA:118,1
DA:119,2
DA:121,1
DA:122,1
DA:123,1
DA:124,1
DA:128,1
DA:134,1
DA:138,1
DA:145,1
DA:146,2
DA:147,1
DA:148,1
DA:156,1
DA:159,1
DA:160,1
DA:162,1
DA:163,1
DA:164,1
DA:165,1
DA:169,1
DA:179,1
DA:183,1
DA:200,2
DA:203,6
DA:205,5
DA:207,5
DA:209,5
DA:211,1
DA:212,2
DA:213,1
DA:217,2
DA:218,2
DA:219,3
DA:220,0
DA:223,5
DA:225,2
DA:226,2
DA:227,2
DA:228,2
DA:233,2
DA:236,2
DA:237,2
DA:238,4
DA:240,2
DA:241,2
DA:242,2
DA:243,2
DA:245,2
DA:246,2
DA:247,2
DA:248,2
DA:250,2
DA:259,1
DA:263,0
DA:264,0
DA:265,0
DA:286,2
DA:288,2
DA:289,2
DA:299,2
DA:300,2
DA:302,3
DA:303,1
DA:305,1
DA:306,1
DA:316,2
DA:318,2
DA:319,1
DA:321,2
DA:334,3
DA:336,1
DA:337,3
DA:341,1
DA:343,1
DA:345,4
DA:351,1
DA:353,1
DA:355,0
DA:359,1
DA:360,3
DA:361,3
DA:367,2
DA:371,2
DA:372,2
DA:373,2
DA:375,2
DA:378,2
DA:379,2
DA:381,1
DA:382,1
DA:383,2
DA:384,2
DA:387,2
DA:388,1
DA:389,2
DA:390,2
DA:391,1
DA:392,3
DA:411,2
DA:415,2
DA:422,2
DA:423,2
DA:424,2
DA:425,2
DA:427,1
DA:428,2
DA:429,2
DA:430,4
DA:443,2
DA:444,2
DA:446,1
DA:447,2
DA:448,2
DA:449,2
DA:450,2
DA:451,2
DA:468,2
DA:470,2
DA:472,2
DA:474,2
DA:475,2
DA:493,2
DA:494,2
DA:502,2
DA:503,2
DA:511,2
DA:512,2
DA:525,1
DA:527,1
DA:528,1
DA:530,1
DA:536,1
DA:544,2
DA:546,2
DA:547,2
LF:180
LH:170
end_of_record
SF:lib\views\search_page.dart
DA:9,1
DA:11,1
DA:12,1
DA:19,1
DA:21,1
DA:22,2
DA:23,0
DA:24,0
DA:28,1
DA:30,2
DA:31,1
DA:34,0
DA:35,0
DA:36,0
DA:40,1
DA:41,2
DA:42,2
DA:45,0
DA:47,0
DA:48,0
DA:49,0
DA:50,0
DA:51,0
DA:52,0
DA:53,0
DA:54,0
DA:55,0
DA:58,0
DA:59,0
DA:60,0
DA:61,0
DA:65,1
DA:67,1
DA:68,1
DA:69,1
DA:70,1
DA:72,1
DA:75,1
DA:76,1
DA:78,1
DA:80,1
DA:92,1
DA:93,1
DA:95,4
DA:97,1
DA:98,1
DA:99,1
DA:100,1
DA:101,1
DA:102,0
DA:103,1
DA:106,1
DA:109,1
DA:110,1
DA:114,1
DA:115,1
DA:119,1
DA:120,1
DA:126,1
DA:132,1
DA:135,1
DA:136,1
DA:138,1
DA:139,1
DA:140,1
DA:143,1
DA:147,1
DA:148,1
DA:151,1
DA:153,1
DA:166,1
DA:168,1
DA:169,1
DA:170,2
DA:185,0
DA:195,0
DA:197,0
DA:198,0
DA:199,0
DA:201,0
DA:202,0
DA:212,0
DA:214,0
DA:215,0
DA:216,0
DA:224,0
DA:225,0
DA:227,0
DA:229,0
DA:231,0
DA:233,0
DA:238,0
DA:243,0
DA:249,0
DA:250,0
DA:251,0
DA:252,0
DA:253,0
DA:255,0
DA:256,0
DA:257,0
DA:258,0
DA:261,0
DA:262,0
DA:263,0
DA:264,0
DA:265,0
DA:268,0
DA:302,0
DA:309,0
DA:310,0
DA:316,0
DA:318,0
DA:319,0
DA:320,0
DA:321,0
DA:322,0
DA:323,0
DA:328,0
DA:330,0
DA:331,0
DA:332,0
DA:333,0
DA:338,0
DA:340,0
DA:341,0
DA:342,0
DA:343,0
DA:344,0
DA:347,0
DA:348,0
DA:349,0
DA:350,0
DA:352,0
DA:361,0
DA:363,0
DA:364,0
DA:365,0
DA:368,0
DA:370,0
DA:371,0
DA:375,0
DA:376,0
DA:377,0
DA:379,0
DA:380,0
DA:381,0
DA:382,0
DA:383,0
DA:384,0
DA:385,0
DA:386,0
DA:387,0
DA:388,0
DA:389,0
DA:393,0
DA:395,0
DA:396,0
DA:397,0
DA:398,0
DA:399,0
DA:400,0
DA:402,0
DA:405,0
DA:406,0
DA:415,0
DA:416,0
DA:418,0
DA:424,0
DA:425,0
DA:428,0
DA:433,0
DA:438,0
DA:439,0
DA:440,0
DA:450,0
DA:461,0
LF:177
LH:54
end_of_record
SF:lib\views\sign_in.dart
DA:7,1
DA:9,1
DA:10,1
DA:21,1
DA:23,2
DA:24,2
DA:25,1
DA:28,1
DA:29,3
DA:31,2
DA:32,1
DA:33,1
DA:36,2
DA:39,1
DA:40,1
DA:41,3
DA:42,2
DA:45,1
DA:46,3
DA:47,2
DA:51,1
DA:52,2
DA:55,2
DA:56,2
DA:59,1
DA:60,2
DA:61,1
DA:67,1
DA:69,1
DA:70,1
DA:71,1
DA:72,1
DA:73,1
DA:74,1
DA:76,1
DA:79,1
DA:81,1
DA:82,2
DA:91,1
DA:92,1
DA:93,1
DA:95,1
DA:97,1
DA:104,1
DA:105,1
DA:110,1
DA:111,1
DA:114,2
DA:115,1
DA:121,1
DA:122,1
DA:125,1
DA:126,1
DA:127,2
DA:128,1
DA:130,1
DA:131,1
DA:133,2
DA:138,1
DA:139,1
DA:145,1
DA:146,1
DA:149,1
DA:155,1
DA:158,1
DA:159,1
DA:165,1
DA:166,1
DA:169,3
DA:175,1
DA:178,1
DA:181,1
DA:182,2
DA:183,1
DA:190,1
DA:199,1
DA:200,1
DA:209,1
DA:212,1
DA:213,1
DA:214,2
DA:215,2
DA:216,1
DA:219,1
DA:220,1
LF:85
LH:85
end_of_record
