SF:lib\models\cart_item.dart
DA:10,7
DA:20,12
DA:23,2
DA:24,2
DA:25,2
DA:26,2
DA:27,4
DA:28,2
DA:29,2
DA:30,2
DA:35,3
DA:36,3
DA:37,3
DA:38,3
DA:39,3
DA:40,3
DA:41,3
DA:42,3
DA:47,1
DA:55,1
DA:56,1
DA:57,1
DA:58,1
DA:59,1
DA:60,1
DA:61,1
DA:65,1
DA:67,5
DA:70,3
DA:74,2
DA:75,6
DA:76,3
DA:77,3
DA:78,3
DA:79,3
DA:82,1
DA:84,3
DA:85,3
DA:86,3
DA:87,3
DA:88,2
LF:41
LH:41
end_of_record
SF:lib\models\order.dart
DA:13,2
DA:23,6
DA:26,1
DA:27,1
DA:28,1
DA:29,1
DA:30,1
DA:31,1
DA:32,3
DA:33,1
DA:34,2
DA:35,2
DA:36,1
DA:41,1
DA:42,1
DA:43,1
DA:44,5
DA:45,1
DA:46,2
DA:47,1
DA:52,1
DA:60,1
DA:61,1
DA:62,1
DA:63,1
DA:64,1
DA:65,1
DA:66,1
LF:28
LH:28
end_of_record
SF:lib\services\order_service.dart
DA:10,1
DA:11,0
DA:14,1
DA:20,1
DA:22,4
DA:24,1
DA:29,4
DA:30,1
DA:32,0
DA:37,1
DA:38,1
DA:39,2
DA:40,1
DA:41,1
DA:42,2
DA:44,5
DA:45,5
DA:51,1
DA:54,5
DA:55,1
DA:56,1
DA:60,0
DA:65,1
DA:67,6
DA:71,0
DA:76,1
DA:78,5
DA:80,0
LF:28
LH:23
end_of_record
SF:lib\repositories\cart_repository.dart
DA:11,6
DA:14,60
DA:17,2
DA:18,10
DA:21,6
DA:24,3
DA:28,4
DA:37,8
DA:38,4
DA:39,8
DA:40,2
DA:43,4
DA:45,4
DA:48,12
DA:58,4
DA:62,1
DA:63,5
DA:64,1
DA:68,2
DA:69,4
DA:70,2
DA:75,1
DA:76,1
DA:77,1
DA:81,5
DA:82,1
DA:83,3
DA:84,1
DA:89,2
DA:90,4
DA:91,4
DA:92,2
DA:98,2
DA:99,4
DA:100,4
DA:101,4
DA:102,2
DA:104,4
DA:105,2
DA:111,1
DA:112,2
DA:113,1
DA:117,1
DA:119,5
DA:126,1
DA:127,5
DA:131,1
DA:132,1
DA:133,1
DA:137,1
DA:141,3
DA:143,2
DA:144,3
DA:151,0
DA:157,0
LF:55
LH:53
end_of_record
SF:lib\models\layout.dart
DA:8,0
DA:10,15
DA:11,15
DA:40,15
DA:43,16
DA:44,15
DA:45,16
DA:46,15
DA:47,15
DA:48,15
DA:49,30
DA:50,30
DA:51,15
DA:54,1
DA:55,2
DA:56,1
DA:58,1
DA:59,3
DA:63,1
DA:64,2
DA:65,1
DA:67,1
DA:68,3
DA:72,0
DA:73,0
DA:74,0
DA:77,0
DA:78,0
DA:79,0
DA:81,0
DA:82,0
DA:83,0
DA:85,0
DA:86,0
DA:89,0
DA:93,0
DA:96,0
DA:99,0
DA:100,0
DA:101,0
DA:102,0
DA:103,0
DA:121,0
DA:129,0
DA:130,0
DA:131,0
DA:132,0
DA:133,0
DA:140,0
DA:141,0
DA:142,0
DA:143,0
DA:150,0
DA:151,0
DA:152,0
DA:153,0
DA:160,0
DA:161,0
DA:162,0
DA:163,0
DA:170,0
DA:171,0
DA:172,0
DA:173,0
DA:180,0
DA:181,0
DA:182,0
DA:183,0
DA:190,0
DA:191,0
DA:192,0
DA:193,0
DA:204,0
DA:212,0
DA:213,0
DA:214,0
DA:215,0
DA:216,0
DA:223,0
DA:224,0
DA:225,0
DA:226,0
DA:236,0
DA:237,0
DA:238,0
DA:239,0
DA:257,0
DA:258,0
DA:259,0
DA:260,0
DA:285,0
DA:288,1
DA:290,1
DA:291,1
DA:292,1
DA:293,1
DA:294,1
DA:295,1
DA:296,1
DA:297,1
DA:300,3
DA:302,2
DA:303,2
DA:305,1
DA:306,1
DA:307,1
DA:309,1
DA:310,1
DA:313,1
DA:315,1
DA:316,1
DA:319,1
DA:322,1
DA:325,2
DA:326,1
DA:327,0
DA:328,0
DA:329,0
DA:330,0
DA:332,1
DA:337,1
DA:338,1
DA:346,1
DA:356,3
DA:359,1
DA:361,1
DA:362,1
DA:363,1
DA:366,3
DA:368,2
DA:369,2
DA:371,1
DA:372,1
DA:373,1
DA:375,1
DA:376,1
DA:379,1
DA:381,1
DA:382,1
DA:385,1
DA:388,1
DA:391,2
DA:392,1
DA:393,0
DA:394,0
DA:395,0
DA:397,1
DA:402,1
DA:403,1
DA:411,1
DA:421,3
DA:424,1
DA:425,1
DA:428,1
DA:429,0
DA:431,0
DA:432,0
DA:433,0
DA:434,0
DA:436,0
DA:439,2
DA:440,2
DA:441,1
DA:442,1
DA:444,2
DA:445,2
DA:452,0
DA:453,0
DA:454,0
DA:456,0
DA:457,0
DA:459,0
DA:460,0
DA:461,0
DA:466,15
DA:467,15
DA:468,45
DA:472,1
DA:473,1
DA:475,0
DA:477,2
DA:481,0
DA:482,0
DA:484,0
DA:486,0
DA:490,15
DA:491,15
DA:492,16
DA:495,15
DA:496,30
DA:500,15
DA:507,15
DA:508,0
DA:509,0
DA:511,15
DA:514,15
DA:516,15
DA:518,15
DA:519,15
DA:533,15
DA:534,15
DA:535,0
DA:536,0
DA:538,15
DA:540,3
DA:541,15
DA:543,15
DA:545,15
DA:546,15
DA:548,15
DA:549,15
DA:551,15
DA:552,15
DA:558,15
DA:561,15
DA:571,15
DA:572,15
DA:573,0
DA:574,0
DA:576,15
DA:578,3
DA:579,15
DA:581,15
DA:583,15
DA:584,15
DA:586,15
DA:587,15
DA:589,15
DA:590,15
DA:596,15
DA:599,15
DA:608,15
DA:610,60
DA:611,45
DA:612,15
DA:614,15
DA:617,15
DA:618,15
DA:620,15
DA:622,15
DA:624,15
DA:627,15
DA:634,15
DA:635,15
DA:636,15
DA:637,15
DA:639,15
DA:641,15
DA:643,15
DA:644,2
DA:645,15
DA:649,0
DA:650,0
DA:651,0
DA:665,15
DA:667,15
DA:669,15
DA:670,15
DA:672,15
DA:673,0
DA:674,0
DA:675,15
DA:678,15
DA:679,15
DA:680,15
DA:683,15
DA:684,15
DA:685,15
DA:687,15
DA:689,15
DA:690,0
DA:691,0
DA:692,15
DA:694,15
DA:696,15
DA:697,0
DA:698,0
DA:699,15
DA:705,15
DA:707,15
DA:709,15
DA:711,15
DA:713,16
DA:714,1
DA:717,1
DA:718,1
DA:719,1
DA:720,0
DA:721,1
DA:724,1
DA:725,1
DA:729,1
DA:730,1
DA:734,1
DA:735,1
DA:745,1
DA:748,0
DA:749,0
DA:750,0
DA:751,0
DA:761,15
DA:762,15
DA:764,15
DA:765,15
DA:768,15
DA:771,15
DA:772,15
DA:773,15
DA:774,15
DA:775,15
DA:781,15
DA:783,0
DA:784,0
DA:785,0
DA:786,0
DA:787,0
DA:788,0
DA:789,0
DA:792,0
DA:793,0
DA:794,0
DA:795,0
DA:797,0
DA:798,0
DA:827,0
DA:845,15
DA:846,15
DA:847,15
DA:848,15
DA:850,15
DA:851,15
DA:852,15
DA:855,15
DA:856,15
DA:859,0
DA:860,0
DA:862,15
DA:863,3
DA:866,3
DA:876,3
DA:877,6
DA:893,5
DA:894,5
DA:896,5
DA:897,5
DA:900,0
DA:911,15
DA:912,0
DA:915,0
DA:917,0
DA:918,0
DA:921,0
DA:922,0
DA:923,0
DA:924,0
DA:925,0
DA:928,0
DA:929,0
DA:932,0
DA:933,0
DA:936,0
DA:937,0
DA:948,0
DA:950,0
DA:951,0
DA:952,0
DA:953,0
DA:968,0
DA:972,0
DA:974,15
DA:976,60
DA:991,15
DA:993,15
DA:996,15
DA:997,15
DA:1023,15
DA:1025,15
DA:1026,0
DA:1027,15
DA:1052,15
DA:1054,15
DA:1059,15
DA:1061,15
DA:1095,15
DA:1098,5
DA:1100,5
LF:386
LH:231
end_of_record
SF:lib\services\auth_service.dart
DA:9,3
DA:12,2
DA:15,2
DA:18,3
DA:20,1
DA:22,4
DA:23,1
DA:28,1
DA:33,2
DA:37,1
DA:39,0
DA:40,0
DA:42,0
DA:44,0
DA:46,0
DA:49,0
DA:52,0
DA:57,1
DA:62,2
DA:66,1
DA:68,0
DA:69,0
DA:71,0
DA:73,0
DA:76,0
DA:79,0
DA:84,1
DA:86,2
DA:87,1
DA:89,0
LF:30
LH:16
end_of_record
SF:lib\views\about_us.dart
DA:5,1
DA:7,1
DA:9,1
DA:10,1
DA:11,1
DA:12,1
DA:14,1
DA:17,1
DA:18,1
LF:9
LH:9
end_of_record
SF:lib\views\home_page.dart
DA:9,1
DA:11,3
DA:13,3
DA:15,3
DA:19,3
DA:21,3
DA:22,3
DA:23,3
DA:24,3
DA:31,3
DA:33,3
DA:35,3
DA:36,3
DA:37,3
DA:48,3
DA:49,3
DA:50,9
DA:51,3
DA:52,3
DA:54,3
DA:56,3
DA:58,3
DA:61,3
DA:63,3
DA:65,3
DA:67,3
DA:69,3
DA:71,3
DA:79,6
DA:82,9
DA:84,6
DA:88,0
DA:90,0
DA:91,0
DA:92,0
DA:93,0
DA:94,0
DA:95,0
DA:97,0
DA:98,0
DA:99,0
DA:100,0
DA:103,0
DA:109,0
DA:110,0
DA:111,0
DA:112,0
DA:113,0
DA:114,0
DA:122,3
DA:124,3
DA:125,3
DA:126,6
DA:134,6
DA:135,3
DA:144,0
DA:145,0
DA:146,0
DA:147,0
DA:149,0
DA:151,0
DA:152,0
DA:153,0
DA:154,0
DA:156,0
DA:163,0
DA:164,0
DA:172,0
DA:173,0
DA:174,0
DA:175,0
DA:176,0
DA:177,0
DA:179,0
DA:180,0
DA:181,0
DA:182,0
DA:183,0
DA:184,0
DA:190,0
DA:191,0
DA:192,0
DA:193,0
DA:194,0
DA:203,0
DA:204,0
DA:205,0
DA:206,0
DA:207,0
DA:208,0
DA:209,0
DA:210,0
DA:211,0
DA:212,0
DA:213,0
DA:216,0
DA:217,0
DA:218,0
DA:219,0
DA:221,0
DA:225,0
DA:228,0
DA:229,0
DA:231,0
DA:232,0
DA:236,0
DA:240,0
DA:241,0
DA:242,0
DA:247,0
DA:248,0
DA:250,0
DA:257,0
DA:259,0
DA:261,0
DA:263,0
DA:265,0
DA:266,0
DA:291,0
DA:292,0
DA:303,3
DA:304,3
DA:307,3
DA:309,3
DA:311,0
DA:312,0
DA:313,3
DA:347,3
DA:348,3
DA:349,3
DA:350,3
DA:352,6
DA:364,6
DA:366,6
DA:368,3
DA:371,3
DA:372,3
DA:382,3
DA:391,3
DA:401,3
DA:417,3
DA:418,3
DA:419,3
DA:420,3
DA:424,6
DA:426,6
DA:429,3
DA:430,3
DA:431,3
DA:432,3
DA:434,3
DA:436,3
DA:439,3
DA:440,3
DA:441,3
DA:443,3
DA:446,3
DA:466,3
DA:468,3
DA:471,0
DA:474,3
DA:503,3
DA:504,3
DA:505,3
DA:506,0
DA:507,3
DA:508,3
DA:510,3
DA:512,3
DA:515,3
DA:519,0
DA:520,0
DA:521,0
DA:561,1
DA:563,3
DA:564,3
DA:575,3
DA:577,3
DA:578,6
DA:579,6
DA:580,0
DA:581,0
DA:582,0
DA:583,0
DA:590,8
DA:591,6
DA:592,7
DA:596,3
DA:598,6
DA:599,6
DA:600,3
DA:603,3
DA:604,3
DA:606,3
DA:608,3
DA:611,0
DA:612,0
DA:619,6
DA:621,3
DA:622,3
DA:631,3
DA:633,3
DA:636,3
DA:637,3
DA:638,3
DA:640,3
DA:641,3
DA:643,3
DA:645,3
DA:648,3
DA:669,3
DA:671,0
DA:672,3
DA:688,3
DA:690,3
DA:693,3
DA:715,3
DA:717,0
DA:718,0
DA:719,3
DA:737,3
DA:741,3
DA:743,3
DA:744,3
DA:747,0
DA:748,0
DA:749,0
DA:757,3
DA:758,6
DA:759,6
DA:760,3
DA:761,0
DA:762,0
DA:768,3
DA:773,3
DA:778,3
DA:791,3
DA:794,1
DA:795,3
DA:796,2
DA:804,3
DA:806,5
DA:807,3
DA:810,3
DA:811,3
DA:812,3
DA:814,3
DA:815,3
DA:834,3
DA:836,3
DA:838,3
DA:839,3
DA:840,3
DA:841,3
DA:842,3
DA:843,3
DA:846,6
DA:859,0
DA:868,1
DA:869,1
DA:876,0
DA:877,0
DA:878,0
DA:882,0
DA:884,0
DA:885,0
DA:886,0
DA:887,0
DA:888,0
DA:889,0
DA:893,0
DA:894,0
DA:896,0
DA:897,0
DA:898,0
DA:901,0
DA:914,1
DA:916,3
DA:917,1
DA:918,2
DA:919,1
DA:921,1
DA:922,0
DA:923,0
DA:928,1
DA:931,2
DA:932,1
DA:939,1
DA:941,1
DA:943,1
DA:944,3
DA:946,1
DA:947,1
DA:950,1
DA:952,1
DA:953,1
DA:954,1
DA:957,1
DA:959,2
DA:962,1
DA:963,4
DA:964,0
DA:966,1
DA:967,0
DA:968,0
DA:969,0
DA:970,0
DA:971,0
DA:972,0
DA:973,0
DA:974,0
DA:975,0
DA:976,0
DA:977,0
DA:981,1
DA:983,1
DA:984,3
DA:986,1
DA:987,2
DA:989,1
DA:994,1
DA:998,2
DA:999,0
DA:1000,0
DA:1001,0
DA:1002,0
DA:1003,0
DA:1012,0
DA:1013,0
DA:1023,1
DA:1024,2
DA:1042,1
DA:1049,3
DA:1050,3
DA:1056,3
DA:1058,3
DA:1059,3
DA:1064,9
DA:1067,9
DA:1068,3
DA:1069,6
DA:1070,0
DA:1074,6
DA:1076,3
DA:1077,0
DA:1078,0
DA:1080,3
DA:1081,0
DA:1082,3
DA:1084,3
DA:1086,3
DA:1087,3
DA:1088,3
DA:1089,3
DA:1092,0
DA:1093,0
DA:1101,3
DA:1102,3
DA:1104,6
DA:1107,3
DA:1108,3
DA:1109,3
DA:1111,3
DA:1116,3
DA:1120,3
DA:1122,3
DA:1123,9
LF:367
LH:219
end_of_record
SF:lib\views\about_us_printshack.dart
DA:5,1
DA:7,1
DA:9,1
DA:10,1
DA:11,1
DA:12,1
DA:14,1
DA:17,1
DA:18,1
DA:20,1
DA:22,1
DA:34,1
DA:35,1
DA:36,1
DA:37,1
LF:15
LH:15
end_of_record
SF:lib\views\collections_page.dart
DA:10,2
DA:12,2
DA:13,2
DA:22,6
DA:23,2
DA:28,2
DA:33,2
DA:38,2
DA:43,2
DA:48,2
DA:53,2
DA:58,2
DA:66,1
DA:68,2
DA:70,0
DA:71,0
DA:72,0
DA:73,0
DA:74,0
DA:75,0
DA:76,0
DA:77,0
DA:78,0
DA:79,0
DA:85,1
DA:87,1
DA:89,2
DA:90,0
DA:91,0
DA:92,0
DA:93,0
DA:95,2
DA:96,0
DA:97,0
DA:98,0
DA:99,0
DA:101,2
DA:102,0
DA:103,0
DA:104,0
DA:105,0
DA:107,2
DA:108,0
DA:109,0
DA:110,0
DA:111,0
DA:119,0
DA:121,0
DA:123,0
DA:124,0
DA:126,0
DA:127,0
DA:128,0
DA:132,1
DA:133,1
DA:134,1
DA:135,2
DA:139,0
DA:141,0
DA:143,0
DA:145,0
DA:146,0
DA:147,0
DA:154,0
DA:155,0
DA:157,0
DA:158,0
DA:159,0
DA:166,0
DA:167,0
DA:170,0
DA:171,0
DA:172,0
DA:174,0
DA:175,0
DA:196,0
DA:198,0
DA:209,0
DA:210,0
DA:211,0
DA:218,0
DA:219,0
DA:222,0
DA:223,0
DA:224,0
DA:226,0
DA:227,0
DA:258,0
DA:260,0
DA:276,1
DA:278,1
DA:280,1
DA:282,1
DA:283,1
DA:290,1
DA:292,1
DA:293,2
DA:294,1
DA:296,1
DA:297,1
DA:313,0
DA:315,0
DA:324,1
DA:325,2
DA:331,1
DA:332,1
DA:339,1
DA:341,1
DA:342,2
DA:343,1
DA:345,1
DA:346,1
DA:370,0
DA:372,0
DA:387,2
DA:391,4
DA:392,4
DA:393,3
DA:395,2
DA:400,2
DA:401,6
DA:403,2
DA:404,2
DA:405,2
DA:406,2
DA:408,2
DA:410,2
DA:412,2
DA:423,2
DA:424,2
DA:426,2
DA:434,4
DA:435,2
DA:436,0
DA:437,0
DA:439,2
DA:440,2
DA:441,2
DA:444,2
DA:459,1
DA:461,1
DA:463,0
DA:464,0
DA:471,2
DA:473,1
DA:475,1
DA:476,1
DA:477,1
DA:478,1
DA:480,1
DA:482,1
DA:484,1
DA:486,1
DA:487,1
DA:488,1
DA:490,0
DA:493,1
DA:505,1
DA:506,1
DA:507,1
DA:508,0
DA:509,0
DA:510,0
DA:511,0
DA:512,1
DA:513,2
DA:514,1
DA:515,1
DA:516,1
DA:517,2
DA:527,4
DA:537,2
DA:538,2
DA:539,1
DA:542,1
DA:543,1
DA:544,1
DA:548,1
DA:550,3
DA:551,1
DA:555,0
DA:557,0
DA:558,0
DA:562,0
DA:564,0
DA:565,0
DA:569,0
DA:571,0
DA:572,0
DA:577,0
DA:578,0
DA:579,1
DA:583,2
DA:585,1
DA:586,0
DA:587,0
DA:589,0
DA:590,0
DA:595,1
DA:596,1
DA:598,2
DA:602,1
DA:603,1
DA:605,3
DA:607,1
DA:609,1
DA:611,1
DA:616,1
DA:620,1
DA:626,1
DA:627,1
DA:628,2
DA:629,1
DA:630,1
DA:632,1
DA:633,1
DA:634,1
DA:635,1
DA:639,2
DA:640,1
DA:641,1
DA:642,1
DA:645,1
DA:662,0
DA:689,1
DA:697,1
DA:698,1
DA:704,1
DA:706,1
DA:708,0
DA:709,2
DA:712,1
DA:714,2
DA:715,0
DA:718,0
DA:721,0
DA:722,0
DA:723,0
DA:724,0
DA:725,0
DA:726,0
DA:729,1
DA:730,3
DA:732,2
DA:733,2
DA:734,0
DA:737,1
DA:738,0
DA:739,0
DA:744,1
DA:747,2
DA:748,1
DA:756,1
DA:758,3
DA:759,2
DA:760,3
DA:763,1
DA:764,7
DA:766,1
DA:767,1
DA:768,1
DA:770,1
DA:774,1
DA:776,2
DA:779,1
DA:780,0
DA:781,0
DA:783,1
DA:784,0
DA:785,0
DA:786,0
DA:787,0
DA:788,0
DA:789,0
DA:790,0
DA:791,0
DA:792,0
DA:796,1
DA:798,1
DA:799,1
DA:800,1
DA:802,1
DA:806,1
DA:807,2
DA:810,1
DA:815,1
DA:820,1
DA:821,1
DA:822,1
DA:832,1
DA:843,1
DA:863,2
DA:865,2
DA:866,2
DA:872,2
DA:874,2
DA:875,0
DA:876,0
DA:878,2
DA:880,2
DA:882,2
DA:884,2
DA:885,2
DA:886,4
DA:888,0
DA:889,0
DA:890,0
DA:891,0
DA:893,0
DA:896,0
DA:897,0
DA:899,0
DA:900,0
DA:911,2
DA:912,2
DA:914,4
DA:919,10
DA:920,2
DA:921,2
DA:922,2
DA:931,2
DA:933,2
DA:934,6
LF:323
LH:195
end_of_record
SF:lib\views\cart_page.dart
DA:11,1
DA:13,1
DA:14,1
DA:20,0
DA:21,0
DA:22,0
DA:25,0
DA:26,0
DA:27,0
DA:33,0
DA:39,0
DA:43,0
DA:44,0
DA:48,0
DA:51,0
DA:52,0
DA:53,0
DA:54,0
DA:58,0
DA:60,0
DA:62,0
DA:63,0
DA:64,0
DA:65,0
DA:72,0
DA:75,0
DA:76,0
DA:77,0
DA:78,0
DA:84,0
DA:85,0
DA:86,0
DA:92,1
DA:94,1
DA:95,1
DA:96,1
DA:98,1
DA:99,1
DA:100,1
DA:101,1
DA:102,1
DA:104,1
DA:113,1
DA:114,1
DA:115,1
DA:117,1
DA:118,1
DA:121,1
DA:124,1
DA:126,1
DA:129,1
DA:133,1
DA:134,0
DA:135,1
DA:150,1
DA:151,4
DA:153,1
DA:154,1
DA:155,1
DA:156,1
DA:157,1
DA:158,1
DA:160,1
DA:162,1
DA:164,1
DA:167,1
DA:171,1
DA:172,4
DA:173,1
DA:175,1
DA:182,1
DA:183,1
DA:194,1
DA:195,1
DA:196,1
DA:198,1
DA:199,3
DA:200,1
DA:202,1
DA:207,1
DA:208,1
DA:210,1
DA:212,1
DA:214,1
DA:215,1
DA:216,2
DA:217,1
DA:218,1
DA:223,1
DA:225,1
DA:231,1
DA:233,1
DA:236,1
DA:239,1
DA:240,1
DA:245,1
DA:247,1
DA:249,1
DA:250,1
DA:252,1
DA:254,1
DA:257,1
DA:258,1
DA:260,1
DA:261,1
DA:262,1
DA:269,1
DA:270,3
DA:271,1
DA:273,1
DA:276,1
DA:277,0
DA:279,0
DA:285,1
DA:287,0
DA:295,1
DA:297,1
DA:298,1
DA:299,1
DA:300,3
DA:313,1
DA:315,1
DA:316,1
DA:318,1
DA:321,1
DA:322,1
DA:324,1
DA:325,1
DA:326,1
DA:335,1
DA:336,2
DA:337,1
DA:343,1
DA:344,3
DA:350,1
DA:353,1
DA:354,3
DA:363,1
DA:367,2
DA:373,1
DA:374,1
DA:375,1
DA:376,1
DA:377,1
DA:381,1
DA:382,1
DA:385,1
DA:386,2
DA:393,1
DA:394,1
DA:396,4
DA:397,1
DA:399,1
DA:400,3
DA:401,1
DA:403,1
DA:408,1
DA:412,1
DA:413,1
DA:414,1
DA:415,2
DA:416,1
DA:418,1
DA:420,1
DA:421,1
DA:423,2
DA:427,1
DA:430,1
DA:431,2
DA:439,1
DA:441,2
DA:450,1
DA:452,1
DA:454,1
DA:455,2
DA:456,1
DA:458,1
DA:460,1
DA:469,1
DA:470,3
DA:474,1
DA:476,3
DA:480,1
DA:481,1
DA:482,1
DA:487,1
DA:509,1
DA:510,1
DA:512,1
DA:513,1
DA:514,1
DA:516,1
DA:519,1
DA:525,1
DA:527,1
LF:195
LH:162
end_of_record
SF:lib\views\search_page.dart
DA:10,2
DA:12,3
DA:13,3
DA:20,3
DA:22,3
DA:23,9
DA:24,4
DA:25,3
DA:29,3
DA:31,6
DA:32,3
DA:35,1
DA:36,2
DA:37,4
DA:41,3
DA:42,6
DA:43,6
DA:46,2
DA:48,2
DA:49,1
DA:50,1
DA:51,2
DA:52,3
DA:53,1
DA:54,3
DA:55,2
DA:56,3
DA:59,1
DA:60,1
DA:61,1
DA:62,1
DA:66,3
DA:68,3
DA:69,3
DA:70,3
DA:71,3
DA:73,3
DA:76,3
DA:77,3
DA:79,3
DA:81,3
DA:93,3
DA:94,3
DA:96,12
DA:98,3
DA:99,3
DA:100,3
DA:101,3
DA:102,3
DA:103,0
DA:104,3
DA:107,3
DA:110,3
DA:111,3
DA:115,3
DA:116,3
DA:120,3
DA:121,3
DA:127,3
DA:133,3
DA:136,3
DA:137,3
DA:139,3
DA:140,3
DA:141,3
DA:144,3
DA:148,3
DA:149,3
DA:152,3
DA:154,3
DA:167,3
DA:169,3
DA:170,3
DA:171,6
DA:186,2
DA:196,1
DA:198,1
DA:199,1
DA:200,1
DA:202,1
DA:203,2
DA:213,1
DA:215,1
DA:216,1
DA:217,4
DA:225,1
DA:226,1
DA:228,3
DA:230,1
DA:232,1
DA:234,0
DA:239,1
DA:244,1
DA:250,1
DA:251,1
DA:252,2
DA:253,1
DA:254,1
DA:256,1
DA:257,1
DA:258,1
DA:259,1
DA:262,1
DA:263,1
DA:264,1
DA:265,1
DA:266,1
DA:269,1
DA:303,1
DA:310,1
DA:311,1
DA:317,1
DA:319,3
DA:320,0
DA:321,0
DA:322,0
DA:323,0
DA:324,0
DA:329,0
DA:331,0
DA:332,0
DA:333,0
DA:334,0
DA:339,0
DA:341,0
DA:342,0
DA:343,0
DA:344,0
DA:345,0
DA:348,0
DA:349,0
DA:350,0
DA:351,0
DA:353,0
DA:362,1
DA:364,3
DA:365,2
DA:366,0
DA:369,0
DA:371,2
DA:372,1
DA:376,1
DA:377,0
DA:378,0
DA:380,1
DA:381,0
DA:382,0
DA:383,0
DA:384,0
DA:385,0
DA:386,0
DA:387,0
DA:388,0
DA:389,0
DA:390,0
DA:394,1
DA:396,1
DA:397,1
DA:398,1
DA:399,1
DA:400,1
DA:401,1
DA:403,1
DA:406,2
DA:407,1
DA:416,1
DA:417,1
DA:419,2
DA:425,1
DA:426,2
DA:429,1
DA:434,1
DA:439,0
DA:440,0
DA:441,0
DA:451,0
DA:462,1
LF:177
LH:136
end_of_record
SF:lib\views\product_page.dart
DA:14,1
DA:22,2
DA:23,2
DA:28,2
DA:29,2
DA:44,2
DA:45,2
DA:46,2
DA:47,2
DA:48,2
DA:49,2
DA:50,2
DA:53,0
DA:54,0
DA:57,0
DA:61,1
DA:62,1
DA:63,2
DA:65,4
DA:66,2
DA:67,2
DA:70,1
DA:71,1
DA:72,0
DA:73,0
DA:77,1
DA:78,2
DA:82,1
DA:83,1
DA:87,2
DA:89,4
DA:90,2
DA:94,1
DA:101,1
DA:103,3
DA:105,1
DA:106,1
DA:107,1
DA:108,4
DA:109,7
DA:110,7
DA:113,1
DA:116,1
DA:117,1
DA:118,1
DA:119,2
DA:121,1
DA:122,1
DA:123,1
DA:124,1
DA:128,1
DA:134,1
DA:138,1
DA:145,1
DA:146,2
DA:147,1
DA:148,1
DA:156,1
DA:159,1
DA:160,1
DA:162,1
DA:163,1
DA:164,1
DA:165,1
DA:169,1
DA:179,1
DA:183,1
DA:200,2
DA:203,6
DA:205,5
DA:207,5
DA:209,5
DA:211,1
DA:212,2
DA:213,1
DA:217,2
DA:218,2
DA:219,3
DA:220,0
DA:223,5
DA:225,2
DA:226,2
DA:227,2
DA:228,2
DA:233,2
DA:236,2
DA:237,2
DA:238,4
DA:240,2
DA:241,2
DA:242,2
DA:243,2
DA:245,2
DA:246,2
DA:247,2
DA:248,2
DA:250,2
DA:259,1
DA:263,0
DA:264,0
DA:265,0
DA:286,2
DA:288,2
DA:289,2
DA:299,2
DA:300,2
DA:302,3
DA:303,1
DA:305,1
DA:306,1
DA:316,2
DA:318,2
DA:319,1
DA:321,2
DA:334,3
DA:336,1
DA:337,3
DA:341,1
DA:343,1
DA:345,4
DA:351,1
DA:353,1
DA:355,0
DA:359,1
DA:360,3
DA:361,3
DA:367,2
DA:371,2
DA:372,2
DA:373,2
DA:375,2
DA:378,2
DA:379,2
DA:381,1
DA:382,1
DA:383,2
DA:384,2
DA:387,2
DA:388,1
DA:389,2
DA:390,2
DA:391,1
DA:392,3
DA:411,2
DA:415,2
DA:422,2
DA:423,2
DA:424,2
DA:425,2
DA:427,1
DA:428,2
DA:429,2
DA:430,4
DA:443,2
DA:444,2
DA:446,1
DA:447,2
DA:448,2
DA:449,2
DA:450,2
DA:451,2
DA:468,2
DA:470,2
DA:472,2
DA:474,2
DA:475,2
DA:493,2
DA:494,2
DA:502,2
DA:503,2
DA:511,2
DA:512,2
DA:525,1
DA:527,1
DA:528,1
DA:530,1
DA:536,1
DA:544,2
DA:546,2
DA:547,2
LF:180
LH:170
end_of_record
SF:lib\views\personalise_page.dart
DA:11,1
DA:13,1
DA:14,1
DA:19,1
DA:20,1
DA:23,2
DA:24,2
DA:25,2
DA:38,1
DA:39,2
DA:40,0
DA:41,0
DA:45,0
DA:47,0
DA:50,0
DA:51,0
DA:52,0
DA:54,0
DA:55,0
DA:57,0
DA:58,0
DA:62,0
DA:63,0
DA:64,0
DA:65,0
DA:69,0
DA:70,0
DA:74,0
DA:75,0
DA:79,0
DA:84,0
DA:91,0
DA:93,0
DA:95,0
DA:96,0
DA:97,0
DA:98,0
DA:99,0
DA:100,0
DA:103,0
DA:106,0
DA:107,0
DA:108,0
DA:109,0
DA:111,0
DA:112,0
DA:113,0
DA:114,0
DA:118,0
DA:124,0
DA:128,1
DA:135,1
DA:136,2
DA:137,0
DA:138,0
DA:146,1
DA:149,1
DA:150,1
DA:151,1
DA:152,1
DA:153,1
DA:154,1
DA:158,1
DA:167,1
DA:171,1
DA:188,1
DA:190,1
DA:192,0
DA:193,2
DA:196,1
DA:198,2
DA:199,0
DA:202,1
DA:204,2
DA:205,2
DA:206,2
DA:207,2
DA:208,1
DA:211,1
DA:213,2
DA:215,1
DA:217,1
DA:218,1
DA:220,3
DA:221,1
DA:222,2
DA:233,3
DA:247,2
DA:248,1
DA:249,1
DA:250,1
DA:252,3
DA:256,1
DA:257,2
DA:258,1
DA:261,1
DA:263,1
DA:265,1
DA:266,1
DA:267,1
DA:269,1
DA:272,1
DA:273,1
DA:274,2
DA:276,1
DA:277,1
DA:278,1
DA:279,1
DA:281,1
DA:282,1
DA:283,1
DA:284,0
DA:286,0
DA:295,1
DA:300,1
DA:301,1
DA:302,1
DA:325,1
DA:327,1
DA:328,1
DA:338,1
DA:339,1
DA:341,2
DA:342,1
DA:343,1
DA:345,1
DA:346,1
DA:356,1
DA:358,2
DA:359,1
DA:361,1
DA:377,1
DA:380,1
DA:382,0
DA:383,0
DA:389,3
DA:401,1
DA:402,1
DA:425,2
DA:427,0
DA:428,0
DA:452,2
DA:454,0
DA:455,0
DA:477,1
DA:481,1
DA:485,1
DA:486,1
DA:487,1
DA:489,1
DA:492,1
DA:493,1
DA:495,0
DA:496,0
DA:497,0
DA:498,0
DA:499,0
DA:502,0
DA:503,0
DA:504,0
DA:505,0
DA:506,0
DA:507,0
DA:508,0
DA:527,1
DA:531,1
DA:538,1
DA:539,1
DA:540,1
DA:541,1
DA:544,0
DA:545,0
DA:546,0
DA:547,0
DA:548,0
DA:561,1
DA:562,1
DA:565,0
DA:566,0
DA:567,0
DA:568,0
DA:569,0
DA:570,0
DA:587,1
DA:590,1
DA:592,1
DA:594,0
DA:596,0
DA:597,0
DA:598,0
DA:601,1
DA:625,1
DA:627,1
DA:628,1
DA:630,1
DA:636,1
DA:644,1
DA:646,1
DA:647,1
LF:199
LH:120
end_of_record
SF:lib\views\sign_in.dart
DA:7,1
DA:9,1
DA:10,1
DA:21,1
DA:23,2
DA:24,2
DA:25,1
DA:28,1
DA:29,3
DA:31,2
DA:32,1
DA:33,1
DA:36,2
DA:39,1
DA:40,1
DA:41,3
DA:42,2
DA:45,1
DA:46,3
DA:47,2
DA:51,1
DA:52,2
DA:55,2
DA:56,2
DA:59,1
DA:60,2
DA:61,1
DA:67,1
DA:69,1
DA:70,1
DA:71,1
DA:72,1
DA:73,1
DA:74,1
DA:76,1
DA:79,1
DA:81,1
DA:82,2
DA:91,1
DA:92,1
DA:93,1
DA:95,1
DA:97,1
DA:104,1
DA:105,1
DA:110,1
DA:111,1
DA:114,2
DA:115,1
DA:121,1
DA:122,1
DA:125,1
DA:126,1
DA:127,2
DA:128,1
DA:130,1
DA:131,1
DA:133,2
DA:138,1
DA:139,1
DA:145,1
DA:146,1
DA:149,1
DA:155,1
DA:158,1
DA:159,1
DA:165,1
DA:166,1
DA:169,3
DA:175,1
DA:178,1
DA:181,1
DA:182,2
DA:183,1
DA:190,1
DA:199,1
DA:200,1
DA:209,1
DA:212,1
DA:213,1
DA:214,2
DA:215,2
DA:216,1
DA:219,1
DA:220,1
LF:85
LH:85
end_of_record
